<?xml version="1.0" encoding="UTF-8"?>
<!-- Generated by org.testng.reporters.JUnitXMLReporter -->
<testsuite hostname="LAPTOP-E003S508" failures="0" tests="13" name="Test" time="187.954" errors="0" timestamp="16 Dec 2022 17:40:39 GMT">
  <testcase classname="testcases.WebsiteUrlNavigationWorkflow" name="Testcase_SuccessfulNavigation" time="3.961"/>
  <testcase classname="testcases.SearchFunctioanlityWorkflows" name="VerifySearchKeywordisAvailable" time="3.201"/>
  <testcase classname="testcases.SearchResultNavigationWorkflows" name="Open_SearchResult" time="6.69"/>
  <testcase classname="testcases.SearchResultNavigationWorkflows" name="SearchResults_Navigations" time="8.417"/>
  <testcase classname="testcases.WebsiteUrlNavigationWorkflow" name="TestCase_IncorrectUrlNavigation" time="14.15"/>
  <testcase classname="testcases.SearchFunctioanlityWorkflows" name="SearchResultsDisplayedForKeyword" time="4.998"/>
  <testcase classname="testcases.WebsiteUrlNavigationWorkflow" name="TestCase_PartialUrlNavigation" time="0.833"/>
  <testcase classname="testcases.SearchFunctioanlityWorkflows" name="VerifyAllSearchResultsDisplayedForKeyword" time="4.007"/>
  <testcase classname="testcases.SearchResultNavigationWorkflows" name="Open_AllSearchResults_ForKeyword" time="34.06"/>
  <testcase classname="testcases.WebsiteUrlNavigationWorkflow" name="TestCase_InvalidUrlNavigation" time="0.782"/>
  <testcase classname="testcases.SearchFunctioanlityWorkflows" name="SearchResultsWithInvalidKeyword" time="4.608"/>
  <testcase classname="testcases.SearchResultNavigationWorkflows" name="Verify_AllSearchResults_ForKeyword" time="35.265"/>
  <testcase classname="testcases.SearchFunctioanlityWorkflows" name="SearchResultsWithEmptyKeyword" time="4.438"/>
</testsuite> <!-- Test -->
